<?xml version="1.0" encoding="UTF-8"?>
<!-- Generated by org.testng.reporters.JUnitXMLReporter -->
<testsuite ignored="0" hostname="DESKTOP-ADD52AV" failures="0" tests="4" name="Test" time="0.062" errors="0" timestamp="2020-07-01T22:37:22 IST">
  <testcase classname="qaclickacademy.SeleniumTest" name="BrowserAutomation" time="0.006"/>
  <testcase classname="qaclickacademy.SeleniumTest" name="elementsuI" time="0.001"/>
  <testcase classname="qaclickacademy.RestApiTest" name="deleteTwitter" time="0.0"/>
  <testcase classname="qaclickacademy.RestApiTest" name="postJira" time="0.0"/>
</testsuite> <!-- Test -->
