<?xml version="1.0" encoding="UTF-8"?>
<testng-results ignored="0" total="4" passed="4" failed="0" skipped="0">
  <reporter-output>
  </reporter-output>
  <suite started-at="2020-07-01T22:37:22 IST" name="Suite" finished-at="2020-07-01T22:37:22 IST" duration-ms="62">
    <groups>
    </groups>
    <test started-at="2020-07-01T22:37:22 IST" name="Test" finished-at="2020-07-01T22:37:22 IST" duration-ms="62">
      <class name="qaclickacademy.RestApiTest">
        <test-method signature="deleteTwitter()[pri:0, instance:qaclickacademy.RestApiTest@65d09a04]" started-at="2020-07-01T22:37:22 IST" name="deleteTwitter" finished-at="2020-07-01T22:37:22 IST" duration-ms="0" status="PASS">
          <reporter-output>
          </reporter-output>
        </test-method> <!-- deleteTwitter -->
        <test-method signature="postJira()[pri:0, instance:qaclickacademy.RestApiTest@65d09a04]" started-at="2020-07-01T22:37:22 IST" name="postJira" finished-at="2020-07-01T22:37:22 IST" duration-ms="0" status="PASS">
          <reporter-output>
          </reporter-output>
        </test-method> <!-- postJira -->
      </class> <!-- qaclickacademy.RestApiTest -->
      <class name="qaclickacademy.SeleniumTest">
        <test-method signature="BrowserAutomation()[pri:0, instance:qaclickacademy.SeleniumTest@5aebe890]" started-at="2020-07-01T22:37:22 IST" name="BrowserAutomation" finished-at="2020-07-01T22:37:22 IST" duration-ms="6" status="PASS">
          <reporter-output>
          </reporter-output>
        </test-method> <!-- BrowserAutomation -->
        <test-method signature="elementsuI()[pri:0, instance:qaclickacademy.SeleniumTest@5aebe890]" started-at="2020-07-01T22:37:22 IST" name="elementsuI" finished-at="2020-07-01T22:37:22 IST" duration-ms="1" status="PASS">
          <reporter-output>
          </reporter-output>
        </test-method> <!-- elementsuI -->
      </class> <!-- qaclickacademy.SeleniumTest -->
    </test> <!-- Test -->
  </suite> <!-- Suite -->
</testng-results>
